-------------------------------------------------------------------------------
Test set: com.canada.mortgage.MortgageApplicationTests
-------------------------------------------------------------------------------
Tests run: 1, Failures: 0, Errors: 1, Skipped: 0, Time elapsed: 7.683 s <<< FAILURE! - in com.canada.mortgage.MortgageApplicationTests
contextLoads(com.canada.mortgage.MortgageApplicationTests)  Time elapsed: 0.005 s  <<< ERROR!
java.lang.IllegalStateException: Failed to load ApplicationContext
Caused by: org.springframework.beans.factory.BeanCreationException: Error creating bean with name 'entityManagerFactory' defined in class path resource [org/springframework/boot/autoconfigure/orm/jpa/HibernateJpaConfiguration.class]: Invocation of init method failed; nested exception is org.hibernate.AnnotationException: No identifier specified for entity: com.canada.mortgage.entity.MortgageInfo
Caused by: org.hibernate.AnnotationException: No identifier specified for entity: com.canada.mortgage.entity.MortgageInfo

